[demo.themefisher.com/copper/index.html]
[backblue.gif]
[fade.gif]
[index.html]
[demo.themefisher.com/copper/plugins/bootstrap/bootstrap.min.css]
[demo.themefisher.com/copper/plugins/themify-icons/themify-icons.css]
[demo.themefisher.com/copper/plugins/slick/slick.css]
[demo.themefisher.com/copper/plugins/slick/slick-theme.css]
[demo.themefisher.com/copper/plugins/aos/aos.css]
[demo.themefisher.com/copper/css/style.css]
[demo.themefisher.com/copper/images/favicon.png]
[demo.themefisher.com/copper/images/preloader.png]
[demo.themefisher.com/copper/index-2.html]
[demo.themefisher.com/copper/images/logo.png]
[demo.themefisher.com/copper/about.html]
[demo.themefisher.com/copper/services.html]
[demo.themefisher.com/copper/team.html]
[demo.themefisher.com/copper/pricing.html]
[demo.themefisher.com/copper/pricing-2.html]
[demo.themefisher.com/copper/contact.html]
[demo.themefisher.com/copper/how-it-works.html]
[demo.themefisher.com/copper/testimonials.html]
[demo.themefisher.com/copper/career.html]
[demo.themefisher.com/copper/job-details.html]
[demo.themefisher.com/copper/blog.html]
[demo.themefisher.com/copper/blog-details.html]
[demo.themefisher.com/copper/terms.html]
[demo.themefisher.com/copper/privacy.html]
[demo.themefisher.com/copper/faq.html]
[demo.themefisher.com/copper/changelog.html]
[demo.themefisher.com/copper/images/brushes/banner.svg]
[demo.themefisher.com/copper/images/screenshots/banner-shot.png]
[demo.themefisher.com/copper/images/brands/google.png]
[demo.themefisher.com/copper/images/brands/01-colored.png]
[demo.themefisher.com/copper/images/brands/02-colored.png]
[demo.themefisher.com/copper/images/brands/04-colored.png]
[demo.themefisher.com/copper/images/brands/03-colored.png]
[demo.themefisher.com/copper/images/brands/05-colored.png]
[demo.themefisher.com/copper/images/brands/06-colored.png]
[demo.themefisher.com/copper/images/screenshots/how-it-works-1.jpg]
[demo.themefisher.com/copper/images/screenshots/03.png]
[demo.themefisher.com/copper/images/screenshots/04.png]
[demo.themefisher.com/copper/images/brushes/section-top.svg]
[demo.themefisher.com/copper/images/brushes/section-bottom.svg]
[demo.themefisher.com/copper/images/tools/01.png]
[demo.themefisher.com/copper/images/tools/02.png]
[demo.themefisher.com/copper/images/tools/03.png]
[demo.themefisher.com/copper/images/tools/04.png]
[demo.themefisher.com/copper/images/tools/05.png]
[demo.themefisher.com/copper/images/tools/06.png]
[demo.themefisher.com/copper/images/tools/07.png]
[demo.themefisher.com/copper/images/tools/08.png]
[demo.themefisher.com/copper/images/about/01.jpg]
[demo.themefisher.com/copper/images/testimonials/arrow.png]
[demo.themefisher.com/copper/images/users/01.jpg]
[demo.themefisher.com/copper/images/users/02.jpg]
[demo.themefisher.com/copper/images/users/03.jpg]
[demo.themefisher.com/copper/images/brushes/footer.svg]
[demo.themefisher.com/copper/service.html]
[demo.themefisher.com/copper/plugins/jQuery/jquery.min.js]
[demo.themefisher.com/copper/plugins/bootstrap/bootstrap.min.js]
[demo.themefisher.com/copper/plugins/slick/slick.min.js]
[demo.themefisher.com/copper/plugins/shuffle/shuffle.min.js]
[demo.themefisher.com/copper/plugins/aos/aos.js]
[demo.themefisher.com/copper/index.html]
[demo.themefisher.com/copper/plugins/bootstrap/bootstrap.min.css]
[demo.themefisher.com/copper/js/script.js]
[demo.themefisher.com/copper/plugins/themify-icons/fonts/themify9f24.eot]
[demo.themefisher.com/copper/plugins/themify-icons/fonts/themifyd41d.eot]
[demo.themefisher.com/copper/plugins/themify-icons/fonts/themify9f24.woff]
[demo.themefisher.com/copper/plugins/themify-icons/fonts/themify9f24.ttf]
[demo.themefisher.com/copper/plugins/themify-icons/themify-icons.css]
[demo.themefisher.com/copper/plugins/slick/slick.css]
[demo.themefisher.com/copper/plugins/themify-icons/fonts/themify9f24.svg]
[demo.themefisher.com/copper/plugins/slick/ajax-loader.gif]
[demo.themefisher.com/copper/plugins/slick/fonts/slick.eot]
[demo.themefisher.com/copper/plugins/slick/fonts/slickd41d.eot]
[demo.themefisher.com/copper/plugins/slick/fonts/slick.woff]
[demo.themefisher.com/copper/plugins/slick/fonts/slick.ttf]
[demo.themefisher.com/copper/plugins/slick/slick-theme.css]
[demo.themefisher.com/copper/plugins/aos/aos.css]
[demo.themefisher.com/copper/plugins/slick/fonts/slick.svg]
[demo.themefisher.com/copper/images/blogs/details/quote-right.png]
[demo.themefisher.com/copper/images/blogs/details/quote-left.png]
[demo.themefisher.com/copper/css/style.css]
[demo.themefisher.com/copper/index-2.html]
[demo.themefisher.com/copper/images/about/02.jpg]
[demo.themefisher.com/copper/images/about/03.jpg]
[demo.themefisher.com/copper/images/testimonials/01.jpg]
[demo.themefisher.com/copper/about.html]
[demo.themefisher.com/copper/services.html]
[demo.themefisher.com/copper/images/team/01.jpg]
[demo.themefisher.com/copper/images/team/02.jpg]
[demo.themefisher.com/copper/images/team/03.jpg]
[demo.themefisher.com/copper/images/team/04.jpg]
[demo.themefisher.com/copper/images/team/05.jpg]
[demo.themefisher.com/copper/images/team/06.jpg]
[demo.themefisher.com/copper/team.html]
[demo.themefisher.com/copper/pricing.html]
[demo.themefisher.com/copper/pricing-2.html]
[demo.themefisher.com/copper/contact.html]
[demo.themefisher.com/copper/how-it-works.html]
[demo.themefisher.com/copper/testimonials.html]
[demo.themefisher.com/copper/images/career/01.jpg]
[demo.themefisher.com/copper/images/career/life-at/01.jpg]
[demo.themefisher.com/copper/images/career/life-at/02.jpg]
[demo.themefisher.com/copper/images/career/life-at/03.jpg]
[demo.themefisher.com/copper/images/career/life-at/04.jpg]
[demo.themefisher.com/copper/images/career/life-at/05.jpg]
[demo.themefisher.com/copper/images/career/life-at/06.jpg]
[demo.themefisher.com/copper/career.html]
[demo.themefisher.com/copper/job-details.html]
[demo.themefisher.com/copper/images/blogs/01.jpg]
[demo.themefisher.com/copper/images/blogs/02.jpg]
[demo.themefisher.com/copper/images/blogs/03.jpg]
[demo.themefisher.com/copper/images/blogs/04.jpg]
[demo.themefisher.com/copper/images/blogs/05.jpg]
[demo.themefisher.com/copper/images/blogs/06.jpg]
[demo.themefisher.com/copper/blog.html]
[demo.themefisher.com/copper/images/blogs/details/01.jpg]
[demo.themefisher.com/copper/images/blogs/details/user-01.jpg]
[demo.themefisher.com/copper/images/blogs/details/arrow.png]
[demo.themefisher.com/copper/images/blogs/details/user-02.jpg]
[demo.themefisher.com/copper/blog-details.html]
[demo.themefisher.com/copper/terms.html]
[demo.themefisher.com/copper/privacy.html]
[demo.themefisher.com/copper/faq.html]
[demo.themefisher.com/copper/changelog.html]
[demo.themefisher.com/copper/images/brushes/banner.svg]
[demo.themefisher.com/copper/images/brushes/section-top.svg]
[demo.themefisher.com/copper/images/brushes/section-bottom.svg]
[demo.themefisher.com/copper/images/brushes/footer.svg]
[cdn.jsdelivr.net/npm/bootstrap@5.1.3/dist/css/bootstrap.min.css]
[user-images.githubusercontent.com/17677384/103198484-9ef49480-4912-11eb-954d-5ec749d1df5c.png]
[user-images.githubusercontent.com/17677384/103198516-b3389180-4912-11eb-91cc-dcc4ae2ade49.png]
[user-images.githubusercontent.com/17677384/103198522-bb90cc80-4912-11eb-83d1-b4b98a2ab4c6.png]
[demo.themefisher.com/copper/service.html]
[demo.themefisher.com/copper/plugins/themify-icons/fonts/themify9f24.svg]
[demo.themefisher.com/copper/plugins/slick/fonts/slick.svg]
[cdn.jsdelivr.net/npm/bootstrap@5.1.3/dist/css/bootstrap.min.css]
[cdnjs.cloudflare.com/ajax/libs/filterizr/2.2.4/vanilla.filterizr.min.js]
